#
# A fatal error has been detected by the Java Runtime Environment:
#
#  EXCEPTION_ACCESS_VIOLATION (0xc0000005) at pc=0x6d03920c, pid=2112, tid=3776
#
# JRE version: 6.0_16-b01
# Java VM: Java HotSpot(TM) Client VM (14.2-b01 mixed mode, sharing windows-x86 )
# Problematic frame:
# C  [awt.dll+0x3920c]
#
# If you would like to submit a bug report, please visit:
#   http://java.sun.com/webapps/bugreport/crash.jsp
# The crash happened outside the Java Virtual Machine in native code.
# See problematic frame for where to report the bug.
#

---------------  T H R E A D  ---------------

Current thread (0x03196400):  JavaThread "AWT-Windows" daemon [_thread_in_native, id=3776, stack(0x03430000,0x03480000)]

siginfo: ExceptionCode=0xc0000005, writing address 0xe21ed400

Registers:
EAX=0x22ff2f0c, EBX=0x00000100, ECX=0xe21ed400, EDX=0x00000100
ESP=0x0347f294, EBP=0xffffffff, ESI=0x000005cc, EDI=0x00000000
EIP=0x6d03920c, EFLAGS=0x00010286

Top of Stack: (sp=0x0347f294)
0x0347f294:   0347f2f0 00000100 0347f374 00000100
0x0347f2a4:   6d0aac1e 22ff2f0c e21ed400 00000100
0x0347f2b4:   00000100 0347f4f0 0347f2f0 00000000
0x0347f2c4:   00000000 00000100 031cd368 00000100
0x0347f2d4:   00198fa0 00000400 e21ed400 00000000
0x0347f2e4:   00000000 00000100 00000100 00000000
0x0347f2f4:   00000000 00000100 00000100 00000000
0x0347f304:   00000000 00000004 00000400 00000000 

Instructions: (pc=0x6d03920c)
0x6d0391fc:   00 00 00 00 8b 54 24 1c 8b 28 81 cd 00 00 00 ff
0x6d03920c:   89 29 83 c0 04 83 c1 04 4a 75 ed 03 c6 03 cf 4b 


Stack: [0x03430000,0x03480000],  sp=0x0347f294,  free space=316k
Native frames: (J=compiled Java code, j=interpreted, Vv=VM code, C=native code)
C  [awt.dll+0x3920c]

Java frames: (J=compiled Java code, j=interpreted, Vv=VM code)
j  sun.awt.windows.WToolkit.eventLoop()V+0
j  sun.awt.windows.WToolkit.run()V+69
j  java.lang.Thread.run()V+11
v  ~StubRoutines::call_stub

---------------  P R O C E S S  ---------------

Java Threads: ( => current thread )
  0x03c2cc00 JavaThread "TimerQueue" daemon [_thread_blocked, id=2876, stack(0x03990000,0x039e0000)]
  0x03b7cc00 JavaThread "Thread-102" [_thread_blocked, id=3204, stack(0x03940000,0x03990000)]
  0x0412d800 JavaThread "thread applet-AppUprErrSimRas.class-38" [_thread_blocked, id=2484, stack(0x038f0000,0x03940000)]
  0x0412d400 JavaThread "AWT-EventQueue-29" [_thread_in_native, id=3116, stack(0x03860000,0x038b0000)]
  0x031edc00 JavaThread "Applet 38 LiveConnect Worker Thread" [_thread_blocked, id=5644, stack(0x03810000,0x03860000)]
  0x02b40400 JavaThread "Thread-101" [_thread_blocked, id=5268, stack(0x036d0000,0x03720000)]
  0x02af9400 JavaThread "Thread-100" [_thread_blocked, id=2212, stack(0x037c0000,0x03810000)]
  0x041b6400 JavaThread "TimerQueue" daemon [_thread_blocked, id=2292, stack(0x03f40000,0x03f90000)]
  0x03a49800 JavaThread "TimerQueue" daemon [_thread_blocked, id=2216, stack(0x03720000,0x03770000)]
  0x03330800 JavaThread "thread applet-Applet4.class-33" [_thread_blocked, id=2596, stack(0x033e0000,0x03430000)]
  0x03b47800 JavaThread "AWT-EventQueue-24" [_thread_blocked, id=364, stack(0x03680000,0x036d0000)]
  0x03202400 JavaThread "Applet 33 LiveConnect Worker Thread" [_thread_blocked, id=3744, stack(0x03520000,0x03570000)]
  0x031fc800 JavaThread "AWT-Shutdown" [_thread_blocked, id=5896, stack(0x02f40000,0x02f90000)]
  0x031dfc00 JavaThread "D3D Screen Updater" daemon [_thread_blocked, id=4052, stack(0x03770000,0x037c0000)]
  0x031b6000 JavaThread "Browser Side Object Cleanup Thread" [_thread_blocked, id=2148, stack(0x03090000,0x030e0000)]
  0x031b2400 JavaThread "CacheCleanUpThread" daemon [_thread_blocked, id=3360, stack(0x03630000,0x03680000)]
  0x031c4c00 JavaThread "CacheMemoryCleanUpThread" daemon [_thread_blocked, id=3532, stack(0x035c0000,0x03610000)]
  0x0319a800 JavaThread "Java Plug-In Heartbeat Thread" [_thread_blocked, id=2040, stack(0x03570000,0x035c0000)]
=>0x03196400 JavaThread "AWT-Windows" daemon [_thread_in_native, id=3776, stack(0x03430000,0x03480000)]
  0x03190800 JavaThread "Java2D Disposer" daemon [_thread_blocked, id=3528, stack(0x03390000,0x033e0000)]
  0x02aec800 JavaThread "Java Plug-In Pipe Worker Thread (Client-Side)" daemon [_thread_in_native, id=1200, stack(0x030f0000,0x03140000)]
  0x02ae8c00 JavaThread "traceMsgQueueThread" daemon [_thread_blocked, id=2536, stack(0x03000000,0x03050000)]
  0x02ae5800 JavaThread "Timer-0" [_thread_blocked, id=4016, stack(0x02fb0000,0x03000000)]
  0x02ac9400 JavaThread "Low Memory Detector" daemon [_thread_blocked, id=1900, stack(0x02d40000,0x02d90000)]
  0x02ac5800 JavaThread "CompilerThread0" daemon [_thread_blocked, id=1984, stack(0x02cf0000,0x02d40000)]
  0x02ac1800 JavaThread "Attach Listener" daemon [_thread_blocked, id=3768, stack(0x02ca0000,0x02cf0000)]
  0x02ac0400 JavaThread "Signal Dispatcher" daemon [_thread_blocked, id=2816, stack(0x02c50000,0x02ca0000)]
  0x02a7e400 JavaThread "Finalizer" daemon [_thread_blocked, id=3564, stack(0x02c00000,0x02c50000)]
  0x02a7cc00 JavaThread "Reference Handler" daemon [_thread_blocked, id=2804, stack(0x02bb0000,0x02c00000)]
  0x002b6800 JavaThread "main" [_thread_blocked, id=2760, stack(0x008c0000,0x00910000)]

Other Threads:
  0x02a7b400 VMThread [stack: 0x02b60000,0x02bb0000] [id=2952]
  0x02acb800 WatcherThread [stack: 0x02d90000,0x02de0000] [id=3232]

VM state:not at safepoint (normal execution)

VM Mutex/Monitor currently owned by a thread: None

Heap
 def new generation   total 960K, used 80K [0x22990000, 0x22a90000, 0x22e70000)
  eden space 896K,   9% used [0x22990000, 0x229a4350, 0x22a70000)
  from space 64K,   0% used [0x22a70000, 0x22a70000, 0x22a80000)
  to   space 64K,   0% used [0x22a80000, 0x22a80000, 0x22a90000)
 tenured generation   total 4096K, used 2642K [0x22e70000, 0x23270000, 0x26990000)
   the space 4096K,  64% used [0x22e70000, 0x23104a40, 0x23104c00, 0x23270000)
 compacting perm gen  total 12288K, used 4343K [0x26990000, 0x27590000, 0x2a990000)
   the space 12288K,  35% used [0x26990000, 0x26dcdfc0, 0x26dce000, 0x27590000)
    ro space 8192K,  63% used [0x2a990000, 0x2aea9920, 0x2aea9a00, 0x2b190000)
    rw space 12288K,  53% used [0x2b190000, 0x2b804dd0, 0x2b804e00, 0x2bd90000)

Dynamic libraries:
0x00400000 - 0x00424000 	C:\Program Files\Java\jre6\bin\java.exe
0x7c900000 - 0x7c9b0000 	C:\WINDOWS\system32\ntdll.dll
0x7c800000 - 0x7c8f8000 	C:\WINDOWS\system32\kernel32.dll
0x77dc0000 - 0x77e6c000 	C:\WINDOWS\system32\ADVAPI32.dll
0x77e70000 - 0x77f02000 	C:\WINDOWS\system32\RPCRT4.dll
0x77fe0000 - 0x77ff1000 	C:\WINDOWS\system32\Secur32.dll
0x7c340000 - 0x7c396000 	C:\Program Files\Java\jre6\bin\msvcr71.dll
0x6d800000 - 0x6da8b000 	C:\Program Files\Java\jre6\bin\client\jvm.dll
0x7e360000 - 0x7e3f1000 	C:\WINDOWS\system32\USER32.dll
0x77f10000 - 0x77f59000 	C:\WINDOWS\system32\GDI32.dll
0x76b20000 - 0x76b4e000 	C:\WINDOWS\system32\WINMM.dll
0x76360000 - 0x7637d000 	C:\WINDOWS\system32\IMM32.DLL
0x10000000 - 0x10025000 	C:\WINDOWS\system32\vksaver.dll
0x6d7b0000 - 0x6d7bc000 	C:\Program Files\Java\jre6\bin\verify.dll
0x6d330000 - 0x6d34f000 	C:\Program Files\Java\jre6\bin\java.dll
0x6d290000 - 0x6d298000 	C:\Program Files\Java\jre6\bin\hpi.dll
0x76be0000 - 0x76beb000 	C:\WINDOWS\system32\PSAPI.DLL
0x6d7f0000 - 0x6d7ff000 	C:\Program Files\Java\jre6\bin\zip.dll
0x6d430000 - 0x6d436000 	C:\Program Files\Java\jre6\bin\jp2native.dll
0x6d1d0000 - 0x6d1e3000 	C:\Program Files\Java\jre6\bin\deploy.dll
0x77a70000 - 0x77b06000 	C:\WINDOWS\system32\CRYPT32.dll
0x77b10000 - 0x77b22000 	C:\WINDOWS\system32\MSASN1.dll
0x77c00000 - 0x77c58000 	C:\WINDOWS\system32\msvcrt.dll
0x7c9c0000 - 0x7d1db000 	C:\WINDOWS\system32\SHELL32.dll
0x77f60000 - 0x77fd6000 	C:\WINDOWS\system32\SHLWAPI.dll
0x774d0000 - 0x7760d000 	C:\WINDOWS\system32\ole32.dll
0x77110000 - 0x7719b000 	C:\WINDOWS\system32\OLEAUT32.dll
0x63000000 - 0x630e6000 	C:\WINDOWS\system32\WININET.dll
0x02de0000 - 0x02de9000 	C:\WINDOWS\system32\Normaliz.dll
0x1a400000 - 0x1a532000 	C:\WINDOWS\system32\urlmon.dll
0x5dca0000 - 0x5de88000 	C:\WINDOWS\system32\iertutil.dll
0x773c0000 - 0x774c3000 	C:\WINDOWS\WinSxS\x86_Microsoft.Windows.Common-Controls_6595b64144ccf1df_6.0.2600.5512_x-ww_35d4ce83\comctl32.dll
0x6d6b0000 - 0x6d6f3000 	C:\Program Files\Java\jre6\bin\regutils.dll
0x77bf0000 - 0x77bf8000 	C:\WINDOWS\system32\VERSION.dll
0x3fde0000 - 0x40221000 	C:\WINDOWS\system32\msi.dll
0x6d610000 - 0x6d623000 	C:\Program Files\Java\jre6\bin\net.dll
0x71a90000 - 0x71aa7000 	C:\WINDOWS\system32\WS2_32.dll
0x71a80000 - 0x71a88000 	C:\WINDOWS\system32\WS2HELP.dll
0x6d630000 - 0x6d639000 	C:\Program Files\Java\jre6\bin\nio.dll
0x6d000000 - 0x6d14a000 	C:\Program Files\Java\jre6\bin\awt.dll
0x72fc0000 - 0x72fe6000 	C:\WINDOWS\system32\WINSPOOL.DRV
0x5b260000 - 0x5b298000 	C:\WINDOWS\system32\uxtheme.dll
0x746e0000 - 0x7472c000 	C:\WINDOWS\system32\MSCTF.dll
0x75310000 - 0x7533e000 	C:\WINDOWS\system32\msctfime.ime
0x6d230000 - 0x6d284000 	C:\Program Files\Java\jre6\bin\fontmanager.dll
0x4fd70000 - 0x4ff16000 	C:\WINDOWS\system32\d3d9.dll
0x6df20000 - 0x6df26000 	C:\WINDOWS\system32\d3d8thk.dll

VM Arguments:
jvm_args: -D__jvm_launched=23269475314 -Xbootclasspath/a:C:\PROGRA~1\Java\jre6\lib\deploy.jar;C:\PROGRA~1\Java\jre6\lib\javaws.jar;C:\PROGRA~1\Java\jre6\lib\plugin.jar 
java_command: sun.plugin2.main.client.PluginMain write_pipe_name=jpi2_pid1204_pipe2,read_pipe_name=jpi2_pid1204_pipe1
Launcher Type: SUN_STANDARD

Environment Variables:
PATH=C:\WINDOWS\system32;C:\WINDOWS;C:\WINDOWS\System32\Wbem
USERNAME=Коля
OS=Windows_NT
PROCESSOR_IDENTIFIER=x86 Family 15 Model 35 Stepping 2, AuthenticAMD



---------------  S Y S T E M  ---------------

OS: Windows XP Build 2600 Service Pack 3

CPU:total 2 (2 cores per cpu, 1 threads per core) family 15 model 35 stepping 2, cmov, cx8, fxsr, mmx, sse, sse2, sse3, mmxext, 3dnow, 3dnowext

Memory: 4k page, physical 1048044k(509960k free), swap 2520344k(1915624k free)

vm_info: Java HotSpot(TM) Client VM (14.2-b01) for windows-x86 JRE (1.6.0_16-b01), built on Jul 31 2009 11:26:58 by "java_re" with MS VC++ 7.1

time: Sat Apr 02 15:48:38 2011
elapsed time: 1703 seconds

