#
# A fatal error has been detected by the Java Runtime Environment:
#
#  EXCEPTION_ACCESS_VIOLATION (0xc0000005) at pc=0x6d9ae7a6, pid=1504, tid=3296
#
# JRE version: 7.0_01-b08
# Java VM: Java HotSpot(TM) Client VM (21.1-b02 mixed mode, sharing windows-x86 )
# Problematic frame:
# V  [jvm.dll+0x6e7a6]
#
# Failed to write core dump. Minidumps are not enabled by default on client versions of Windows
#
# If you would like to submit a bug report, please visit:
#   http://bugreport.sun.com/bugreport/crash.jsp
#

---------------  T H R E A D  ---------------

Current thread (0x00da6400):  VMThread [stack: 0x00e10000,0x00e60000] [id=3296]

siginfo: ExceptionCode=0xc0000005, reading address 0x0000000c

Registers:
EAX=0x00000002, EBX=0x00e5fa58, ECX=0x00000000, EDX=0x00000000
ESP=0x00e5fa2c, EBP=0x00e5fa38, ESI=0x34030030, EDI=0x34030028
EIP=0x6d9ae7a6, EFLAGS=0x00010202

Top of Stack: (sp=0x00e5fa2c)
0x00e5fa2c:   34031c00 34030000 34030000 00e5fa6c
0x00e5fa3c:   6d9adc9b 34030000 0000074c 34030000
0x00e5fa4c:   34031d30 00e5fa58 00d10308 6dba8ee8
0x00e5fa5c:   6d950400 00dac608 34030000 00e5fc4c
0x00e5fa6c:   00e5fa94 6d9adc27 34030000 0000074c
0x00e5fa7c:   34030000 34031d30 00c2ffff 00000700
0x00e5fa8c:   34030000 34030000 00e5fabc 6d99d302
0x00e5fa9c:   34030000 00000700 003cf520 6dba5b44 

Instructions: (pc=0x6d9ae7a6)
0x6d9ae786:   14 73 6e 8d a4 24 00 00 00 00 8b 4f 04 8b 41 08
0x6d9ae796:   8b 90 20 01 00 00 83 c1 08 53 57 ff d2 8b 4e 04
0x6d9ae7a6:   8b 41 0c 83 c1 08 8b fe 85 c0 7e 09 a8 01 75 31
0x6d9ae7b6:   c1 f8 02 eb 34 79 2a 8b 56 08 8b c8 83 e1 3f d3 


Register to memory mapping:

EAX=0x00000002 is an unknown value
EBX=0x00e5fa58 is an unknown value
ECX=0x00000000 is an unknown value
EDX=0x00000000 is an unknown value
ESP=0x00e5fa2c is an unknown value
EBP=0x00e5fa38 is an unknown value
ESI=
[error occurred during error reporting (printing register info), id 0xc0000005]

Stack: [0x00e10000,0x00e60000],  sp=0x00e5fa2c,  free space=318k
Native frames: (J=compiled Java code, j=interpreted, Vv=VM code, C=native code)
V  [jvm.dll+0x6e7a6]
V  [jvm.dll+0x6dc9b]
V  [jvm.dll+0x6dc27]
V  [jvm.dll+0x5d302]
V  [jvm.dll+0x5c79b]
V  [jvm.dll+0x5cef8]
V  [jvm.dll+0x6884c]
V  [jvm.dll+0x5ee90]
V  [jvm.dll+0x5cdb4]
V  [jvm.dll+0x6d6b6]
V  [jvm.dll+0x6778f]
V  [jvm.dll+0x61afa]
V  [jvm.dll+0x671d6]
V  [jvm.dll+0x5ea03]
V  [jvm.dll+0x16b106]
V  [jvm.dll+0x148f35]
V  [jvm.dll+0x14816e]
V  [jvm.dll+0x14849c]
V  [jvm.dll+0x148912]
V  [jvm.dll+0x171549]
C  [msvcr100.dll+0x5c6de]  endthreadex+0x3a
C  [msvcr100.dll+0x5c788]  endthreadex+0xe4
C  [kernel32.dll+0xb729]  GetModuleFileNameA+0x1ba

VM_Operation (0x0388ec04): GenCollectForAllocation, mode: safepoint, requested by thread 0x03450400


---------------  P R O C E S S  ---------------

Java Threads: ( => current thread )
  0x034ee000 JavaThread "TimerQueue" daemon [_thread_blocked, id=4032, stack(0x03a70000,0x03ac0000)]
  0x00dddc00 JavaThread "thread applet-funcporn3dextr.AppFuncPorN3Dextr.class-3" [_thread_blocked, id=3892, stack(0x03c00000,0x03c50000)]
  0x00df5400 JavaThread "thread applet-funcporn3dextr.AppFuncPorN3Dextr.class-1" [_thread_blocked, id=3928, stack(0x03890000,0x038e0000)]
  0x03471800 JavaThread "AWT-EventQueue-1" [_thread_blocked, id=3860, stack(0x03980000,0x039d0000)]
  0x03470c00 JavaThread "AWT-EventQueue-0" [_thread_blocked, id=3856, stack(0x03930000,0x03980000)]
  0x03466800 JavaThread "JVM[id=1]-Heartbeat" daemon [_thread_blocked, id=2988, stack(0x037f0000,0x03840000)]
  0x0345d400 JavaThread "Applet 6 LiveConnect Worker Thread" [_thread_blocked, id=3840, stack(0x03a20000,0x03a70000)]
  0x03450400 JavaThread "AWT-EventQueue-2" [_thread_blocked, id=2352, stack(0x03840000,0x03890000)]
  0x0344a800 JavaThread "AWT-Shutdown" [_thread_blocked, id=1932, stack(0x036b0000,0x03700000)]
  0x03449400 JavaThread "Applet 1 LiveConnect Worker Thread" [_thread_blocked, id=3780, stack(0x03610000,0x03660000)]
  0x0343d400 JavaThread "Browser Side Object Cleanup Thread" [_thread_blocked, id=2096, stack(0x03700000,0x03750000)]
  0x0342e400 JavaThread "CacheCleanUpThread" daemon [_thread_blocked, id=3400, stack(0x037a0000,0x037f0000)]
  0x033e8000 JavaThread "CacheMemoryCleanUpThread" daemon [_thread_blocked, id=4068, stack(0x03750000,0x037a0000)]
  0x033dc000 JavaThread "SysExecutionTheadCreator" daemon [_thread_blocked, id=2404, stack(0x012f0000,0x01340000)]
  0x033cf400 JavaThread "AWT-Windows" daemon [_thread_in_native, id=3608, stack(0x00990000,0x00a90000)]
  0x033c6800 JavaThread "Java2D Disposer" daemon [_thread_blocked, id=3252, stack(0x035c0000,0x03610000)]
  0x033bec00 JavaThread "Java Plug-In Pipe Worker Thread (Client-Side)" daemon [_thread_in_native, id=4048, stack(0x03570000,0x035c0000)]
  0x033a8c00 JavaThread "Timer-0" [_thread_blocked, id=3120, stack(0x012a0000,0x012f0000)]
  0x00dfec00 JavaThread "traceMsgQueueThread" daemon [_thread_blocked, id=3640, stack(0x01210000,0x01260000)]
  0x00dc4c00 JavaThread "Service Thread" daemon [_thread_blocked, id=3172, stack(0x00ff0000,0x01040000)]
  0x00dbec00 JavaThread "C1 CompilerThread0" daemon [_thread_blocked, id=1836, stack(0x00fa0000,0x00ff0000)]
  0x00dbd000 JavaThread "Attach Listener" daemon [_thread_blocked, id=3328, stack(0x00f50000,0x00fa0000)]
  0x00dbbc00 JavaThread "Signal Dispatcher" daemon [_thread_blocked, id=3628, stack(0x00f00000,0x00f50000)]
  0x00db8800 JavaThread "Finalizer" daemon [_thread_blocked, id=2372, stack(0x00eb0000,0x00f00000)]
  0x00da7c00 JavaThread "Reference Handler" daemon [_thread_blocked, id=3312, stack(0x00e60000,0x00eb0000)]
  0x003c8c00 JavaThread "main" [_thread_blocked, id=3592, stack(0x00900000,0x00950000)]

Other Threads:
=>0x00da6400 VMThread [stack: 0x00e10000,0x00e60000] [id=3296]
  0x00dda400 WatcherThread [stack: 0x01040000,0x01090000] [id=3136]

VM state:at safepoint (normal execution)

VM Mutex/Monitor currently owned by a thread:  ([mutex/lock_event])
[0x003c75c8] Threads_lock - owner thread: 0x00da6400
[0x003c79d8] Heap_lock - owner thread: 0x03450400

Heap
 def new generation   total 4928K, used 4928K [0x24030000, 0x24580000, 0x29580000)
  eden space 4416K, 100% used [0x24030000, 0x24480000, 0x24480000)
  from space 512K, 100% used [0x24500000, 0x24580000, 0x24580000)
  to   space 512K,  16% used [0x24480000, 0x24494be8, 0x24500000)
 tenured generation   total 10944K, used 530K [0x29580000, 0x2a030000, 0x34030000)
   the space 10944K,   4% used [0x29580000, 0x29604888, 0x29604a00, 0x2a030000)
 compacting perm gen  total 12288K, used 2471K [0x34030000, 0x34c30000, 0x38030000)
   the space 12288K,  20% used [0x34030000, 0x34299f60, 0x3429a000, 0x34c30000)
    ro space 10240K,  42% used [0x38030000, 0x3846c7b0, 0x3846c800, 0x38a30000)
    rw space 12288K,  53% used [0x38a30000, 0x390a8210, 0x390a8400, 0x39630000)

Code Cache  [0x01370000, 0x01428000, 0x03370000)
 total_blobs=401 nmethods=175 adapters=159 free_code_cache=32038Kb largest_free_block=32807488

Dynamic libraries:
0x00400000 - 0x0042e000 	C:\Program Files\Java\jre7\bin\java.exe
0x7c900000 - 0x7c9b3000 	C:\WINDOWS\system32\ntdll.dll
0x7c800000 - 0x7c8f8000 	C:\WINDOWS\system32\kernel32.dll
0x77dc0000 - 0x77e6c000 	C:\WINDOWS\system32\ADVAPI32.dll
0x77e70000 - 0x77f03000 	C:\WINDOWS\system32\RPCRT4.dll
0x77fe0000 - 0x77ff1000 	C:\WINDOWS\system32\Secur32.dll
0x7e360000 - 0x7e3f1000 	C:\WINDOWS\system32\USER32.dll
0x77f10000 - 0x77f59000 	C:\WINDOWS\system32\GDI32.dll
0x773c0000 - 0x774c3000 	C:\WINDOWS\WinSxS\x86_Microsoft.Windows.Common-Controls_6595b64144ccf1df_6.0.2600.6028_x-ww_61e65202\COMCTL32.dll
0x77c00000 - 0x77c58000 	C:\WINDOWS\system32\msvcrt.dll
0x77f60000 - 0x77fd6000 	C:\WINDOWS\system32\SHLWAPI.dll
0x76360000 - 0x7637d000 	C:\WINDOWS\system32\IMM32.DLL
0x78aa0000 - 0x78b5e000 	C:\Program Files\Java\jre7\bin\msvcr100.dll
0x6d940000 - 0x6dc61000 	C:\Program Files\Java\jre7\bin\client\jvm.dll
0x71ab0000 - 0x71aba000 	C:\WINDOWS\system32\WSOCK32.dll
0x71a90000 - 0x71aa7000 	C:\WINDOWS\system32\WS2_32.dll
0x71a80000 - 0x71a88000 	C:\WINDOWS\system32\WS2HELP.dll
0x76b20000 - 0x76b4e000 	C:\WINDOWS\system32\WINMM.dll
0x76be0000 - 0x76beb000 	C:\WINDOWS\system32\PSAPI.DLL
0x5d270000 - 0x5d277000 	C:\WINDOWS\system32\serwvdrv.dll
0x5b590000 - 0x5b597000 	C:\WINDOWS\system32\umdmxfrm.dll
0x6d8d0000 - 0x6d8dc000 	C:\Program Files\Java\jre7\bin\verify.dll
0x6d370000 - 0x6d390000 	C:\Program Files\Java\jre7\bin\java.dll
0x6d000000 - 0x6d142000 	C:\Program Files\Java\jre7\bin\awt.dll
0x77110000 - 0x7719b000 	C:\WINDOWS\system32\OLEAUT32.dll
0x774d0000 - 0x7760e000 	C:\WINDOWS\system32\ole32.dll
0x5b260000 - 0x5b298000 	C:\WINDOWS\system32\uxtheme.dll
0x746e0000 - 0x7472c000 	C:\WINDOWS\system32\MSCTF.dll
0x10000000 - 0x10004000 	C:\Program Files\Unlocker\UnlockerHook.dll
0x7c9c0000 - 0x7d1db000 	C:\WINDOWS\system32\SHELL32.dll
0x6d920000 - 0x6d933000 	C:\Program Files\Java\jre7\bin\zip.dll
0x77bf0000 - 0x77bf8000 	C:\WINDOWS\system32\VERSION.dll
0x6d450000 - 0x6d456000 	C:\Program Files\Java\jre7\bin\jp2native.dll
0x6d1b0000 - 0x6d1e3000 	C:\Program Files\Java\jre7\bin\deploy.dll
0x3f9e0000 - 0x3fac6000 	C:\WINDOWS\system32\WININET.dll
0x01090000 - 0x01099000 	C:\WINDOWS\system32\Normaliz.dll
0x45020000 - 0x45153000 	C:\WINDOWS\system32\urlmon.dll
0x40080000 - 0x4026b000 	C:\WINDOWS\system32\iertutil.dll
0x6d660000 - 0x6d674000 	C:\Program Files\Java\jre7\bin\net.dll
0x6d680000 - 0x6d68f000 	C:\Program Files\Java\jre7\bin\nio.dll
0x75310000 - 0x7533e000 	C:\WINDOWS\system32\msctfime.ime
0x6d2c0000 - 0x6d2ea000 	C:\Program Files\Java\jre7\bin\fontmanager.dll
0x6d870000 - 0x6d8a1000 	C:\Program Files\Java\jre7\bin\t2k.dll
0x71a30000 - 0x71a70000 	C:\WINDOWS\System32\mswsock.dll
0x76f10000 - 0x76f37000 	C:\WINDOWS\system32\DNSAPI.dll
0x76d50000 - 0x76d69000 	C:\WINDOWS\system32\iphlpapi.dll
0x76fa0000 - 0x76fa8000 	C:\WINDOWS\System32\winrnr.dll
0x76f50000 - 0x76f7d000 	C:\WINDOWS\system32\WLDAP32.dll
0x76fb0000 - 0x76fb6000 	C:\WINDOWS\system32\rasadhlp.dll

VM Arguments:
jvm_args: -D__jvm_launched=185721058 -D__applet_launched=185527742 -Xbootclasspath/a:C:\PROGRA~1\Java\jre7\lib\deploy.jar;C:\PROGRA~1\Java\jre7\lib\javaws.jar;C:\PROGRA~1\Java\jre7\lib\plugin.jar -Dsun.awt.warmup=true 
java_command: sun.plugin2.main.client.PluginMain write_pipe_name=jpi2_pid3984_pipe2,read_pipe_name=jpi2_pid3984_pipe1
Launcher Type: SUN_STANDARD

Environment Variables:
PATH=C:\Program Files\Borland\Delphi7\Projects\Bpl;C:\Program Files\Borland\Delphi7\Bin;C:\Program Files\Borland\Delphi7\Projects\Bpl\;C:\WINDOWS\system32;C:\WINDOWS;C:\WINDOWS\System32\Wbem;C:\Program Files\ATI Technologies\ATI.ACE\;C:\Program Files\Common Files\Autodesk Shared\;C:\Program Files\Autodesk\backburner\;C:\Program Files\Intel\WiFi\bin\
USERNAME=User
OS=Windows_NT
PROCESSOR_IDENTIFIER=x86 Family 6 Model 14 Stepping 8, GenuineIntel



---------------  S Y S T E M  ---------------

OS: Windows XP Build 2600 Service Pack 3

CPU:total 2 (2 cores per cpu, 1 threads per core) family 6 model 14 stepping 8, cmov, cx8, fxsr, mmx, sse, sse2, sse3

Memory: 4k page, physical 1047852k(261864k free), swap 2519100k(1864536k free)

vm_info: Java HotSpot(TM) Client VM (21.1-b02) for windows-x86 JRE (1.7.0_01-b08), built on Oct  3 2011 02:11:36 by "java_re" with unknown MS VC++:1600

time: Wed Dec 18 10:50:44 2013
elapsed time: 17 seconds

